<?xml version="1.0" encoding="utf-8"?><testsuites><testsuite name="pytest" errors="0" failures="1" skipped="0" tests="4" time="57.300" timestamp="2023-11-26T13:42:38.519666" hostname="Alans-MBP-2.fibertel.com.ar"><testcase classname="tests.model.test_model.TestModel" name="test_model_fit" time="14.180" /><testcase classname="tests.model.test_model.TestModel" name="test_model_predict" time="13.922"><failure message="AttributeError: 'NoneType' object has no attribute 'predict'">self = &lt;tests.model.test_model.TestModel testMethod=test_model_predict&gt;

    def test_model_predict(
        self
    ):
        features = self.model.preprocess(
            data=self.data
        )
    
&gt;       predicted_targets = self.model.predict(
            features=features
        )

tests/model/test_model.py:97: 
_ _ _ _ _ _ _ _ _ _ _ _ _ _ _ _ _ _ _ _ _ _ _ _ _ _ _ _ _ _ _ _ _ _ _ _ _ _ _ _ _ _ _ _ _ _ _ _ _ _ _ _ _ _ _ _ _ _ _ _ _ _ _ _ _ _ _ _ _ _ _ _ _ _ _ _ _ _ _ _ _ _ _ _ _ _ _ _

self = &lt;challenge.model.DelayModel object at 0x14e8ec5b0&gt;
features =        OPERA_Latin American Wings  MES_7  MES_10  OPERA_Grupo LATAM  MES_12  TIPOVUELO_I  MES_4  MES_11  OPERA_Sky Air... 0                  1       0            0      0       0                  0               0

[68206 rows x 10 columns]

    def predict(
        self,
        features: pd.DataFrame
    ) -&gt; List[int]:
        """
        Predict delays for new flights.
    
        Args:
            features (pd.DataFrame): preprocessed data.
    
        Returns:
            (List[int]): predicted targets.
        """
&gt;       xgboost_y_preds = self._model.predict(features)
E       AttributeError: 'NoneType' object has no attribute 'predict'

challenge/model.py:114: AttributeError</failure></testcase><testcase classname="tests.model.test_model.TestModel" name="test_model_preprocess_for_serving" time="13.906" /><testcase classname="tests.model.test_model.TestModel" name="test_model_preprocess_for_training" time="13.954" /></testsuite></testsuites>